# JRE version: Java(TM) SE Runtime Environment (8.0_51-b16) (build 1.8.0_51-b16)
# Java VM: Java HotSpot(TM) 64-Bit Server VM (25.51-b03 mixed mode windows-amd64 compressed oops)
Heap:
 PSYoungGen      total 18944K, used 9613K [0x00000000eb500000, 0x00000000ecd00000, 0x0000000100000000)
  eden space 14848K, 37% used [0x00000000eb500000,0x00000000eba7c758,0x00000000ec380000)
  from space 4096K, 97% used [0x00000000ec800000,0x00000000ecbe7040,0x00000000ecc00000)
  to   space 4608K, 0% used [0x00000000ec380000,0x00000000ec380000,0x00000000ec800000)
 ParOldGen       total 44032K, used 4309K [0x00000000c1e00000, 0x00000000c4900000, 0x00000000eb500000)
  object space 44032K, 9% used [0x00000000c1e00000,0x00000000c2235450,0x00000000c4900000)
 Metaspace       used 15814K, capacity 16064K, committed 16256K, reserved 1062912K
  class space    used 1994K, capacity 2068K, committed 2176K, reserved 1048576K
GC Heap History (10 events):
Event: 31.328 GC heap before
{Heap before GC invocations=5 (full 1):
 PSYoungGen      total 18944K, used 17700K [0x00000000eb500000, 0x00000000eca00000, 0x0000000100000000)
  eden space 16384K, 100% used [0x00000000eb500000,0x00000000ec500000,0x00000000ec500000)
  from space 2560K, 51% used [0x00000000ec500000,0x00000000ec649010,0x00000000ec780000)
  to   space 2560K, 0% used [0x00000000ec780000,0x00000000ec780000,0x00000000eca00000)
 ParOldGen       total 44032K, used 3070K [0x00000000c1e00000, 0x00000000c4900000, 0x00000000eb500000)
  object space 44032K, 6% used [0x00000000c1e00000,0x00000000c20ff8a0,0x00000000c4900000)
 Metaspace       used 15680K, capacity 15858K, committed 16000K, reserved 1062912K
  class space    used 1993K, capacity 2067K, committed 2176K, reserved 1048576K
Event: 31.331 GC heap after
Heap after GC invocations=5 (full 1):
 PSYoungGen      total 18944K, used 2516K [0x00000000eb500000, 0x00000000eca00000, 0x0000000100000000)
  eden space 16384K, 0% used [0x00000000eb500000,0x00000000eb500000,0x00000000ec500000)
  from space 2560K, 98% used [0x00000000ec780000,0x00000000ec9f5020,0x00000000eca00000)
  to   space 2560K, 0% used [0x00000000ec500000,0x00000000ec500000,0x00000000ec780000)
 ParOldGen       total 44032K, used 3970K [0x00000000c1e00000, 0x00000000c4900000, 0x00000000eb500000)
  object space 44032K, 9% used [0x00000000c1e00000,0x00000000c21e08b0,0x00000000c4900000)
 Metaspace       used 15680K, capacity 15858K, committed 16000K, reserved 1062912K
  class space    used 1993K, capacity 2067K, committed 2176K, reserved 1048576K
}
Event: 32.079 GC heap before
{Heap before GC invocations=6 (full 1):
 PSYoungGen      total 18944K, used 18900K [0x00000000eb500000, 0x00000000eca00000, 0x0000000100000000)
  eden space 16384K, 100% used [0x00000000eb500000,0x00000000ec500000,0x00000000ec500000)
  from space 2560K, 98% used [0x00000000ec780000,0x00000000ec9f5020,0x00000000eca00000)
  to   space 2560K, 0% used [0x00000000ec500000,0x00000000ec500000,0x00000000ec780000)
 ParOldGen       total 44032K, used 3970K [0x00000000c1e00000, 0x00000000c4900000, 0x00000000eb500000)
  object space 44032K, 9% used [0x00000000c1e00000,0x00000000c21e08b0,0x00000000c4900000)
 Metaspace       used 15683K, capacity 15858K, committed 16000K, reserved 1062912K
  class space    used 1993K, capacity 2067K, committed 2176K, reserved 1048576K
Event: 32.082 GC heap after
Heap after GC invocations=6 (full 1):
 PSYoungGen      total 18944K, used 2484K [0x00000000eb500000, 0x00000000eca00000, 0x0000000100000000)
  eden space 16384K, 0% used [0x00000000eb500000,0x00000000eb500000,0x00000000ec500000)
  from space 2560K, 97% used [0x00000000ec500000,0x00000000ec76d020,0x00000000ec780000)
  to   space 2560K, 0% used [0x00000000ec780000,0x00000000ec780000,0x00000000eca00000)
 ParOldGen       total 44032K, used 3970K [0x00000000c1e00000, 0x00000000c4900000, 0x00000000eb500000)
  object space 44032K, 9% used [0x00000000c1e00000,0x00000000c21e08b0,0x00000000c4900000)
 Metaspace       used 15683K, capacity 15858K, committed 16000K, reserved 1062912K
  class space    used 1993K, capacity 2067K, committed 2176K, reserved 1048576K
}
Event: 32.558 GC heap before
{Heap before GC invocations=7 (full 1):
 PSYoungGen      total 18944K, used 18868K [0x00000000eb500000, 0x00000000eca00000, 0x0000000100000000)
  eden space 16384K, 100% used [0x00000000eb500000,0x00000000ec500000,0x00000000ec500000)
  from space 2560K, 97% used [0x00000000ec500000,0x00000000ec76d020,0x00000000ec780000)
  to   space 2560K, 0% used [0x00000000ec780000,0x00000000ec780000,0x00000000eca00000)
 ParOldGen       total 44032K, used 3970K [0x00000000c1e00000, 0x00000000c4900000, 0x00000000eb500000)
  object space 44032K, 9% used [0x00000000c1e00000,0x00000000c21e08b0,0x00000000c4900000)
 Metaspace       used 15683K, capacity 15858K, committed 16000K, reserved 1062912K
  class space    used 1993K, capacity 2067K, committed 2176K, reserved 1048576K
Event: 32.560 GC heap after
Heap after GC invocations=7 (full 1):
 PSYoungGen      total 17920K, used 2484K [0x00000000eb500000, 0x00000000ecc00000, 0x0000000100000000)
  eden space 15360K, 0% used [0x00000000eb500000,0x00000000eb500000,0x00000000ec400000)
  from space 2560K, 97% used [0x00000000ec780000,0x00000000ec9ed020,0x00000000eca00000)
  to   space 3584K, 0% used [0x00000000ec400000,0x00000000ec400000,0x00000000ec780000)
 ParOldGen       total 44032K, used 3970K [0x00000000c1e00000, 0x00000000c4900000, 0x00000000eb500000)
  object space 44032K, 9% used [0x00000000c1e00000,0x00000000c21e08b0,0x00000000c4900000)
 Metaspace       used 15683K, capacity 15858K, committed 16000K, reserved 1062912K
  class space    used 1993K, capacity 2067K, committed 2176K, reserved 1048576K
}
Event: 32.833 GC heap before
{Heap before GC invocations=8 (full 1):
 PSYoungGen      total 17920K, used 17836K [0x00000000eb500000, 0x00000000ecc00000, 0x0000000100000000)
  eden space 15360K, 99% used [0x00000000eb500000,0x00000000ec3fe3d0,0x00000000ec400000)
  from space 2560K, 97% used [0x00000000ec780000,0x00000000ec9ed020,0x00000000eca00000)
  to   space 3584K, 0% used [0x00000000ec400000,0x00000000ec400000,0x00000000ec780000)
 ParOldGen       total 44032K, used 3970K [0x00000000c1e00000, 0x00000000c4900000, 0x00000000eb500000)
  object space 44032K, 9% used [0x00000000c1e00000,0x00000000c21e08b0,0x00000000c4900000)
 Metaspace       used 15688K, capacity 15864K, committed 16000K, reserved 1062912K
  class space    used 1994K, capacity 2068K, committed 2176K, reserved 1048576K
Event: 32.834 GC heap after
Heap after GC invocations=8 (full 1):
 PSYoungGen      total 18944K, used 384K [0x00000000eb500000, 0x00000000ecc00000, 0x0000000100000000)
  eden space 15360K, 0% used [0x00000000eb500000,0x00000000eb500000,0x00000000ec400000)
  from space 3584K, 10% used [0x00000000ec400000,0x00000000ec460000,0x00000000ec780000)
  to   space 4096K, 0% used [0x00000000ec800000,0x00000000ec800000,0x00000000ecc00000)
 ParOldGen       total 44032K, used 3970K [0x00000000c1e00000, 0x00000000c4900000, 0x00000000eb500000)
  object space 44032K, 9% used [0x00000000c1e00000,0x00000000c21e08b0,0x00000000c4900000)
 Metaspace       used 15688K, capacity 15864K, committed 16000K, reserved 1062912K
  class space    used 1994K, capacity 2068K, committed 2176K, reserved 1048576K
}
Event: 32.975 GC heap before
{Heap before GC invocations=9 (full 1):
 PSYoungGen      total 18944K, used 15744K [0x00000000eb500000, 0x00000000ecc00000, 0x0000000100000000)
  eden space 15360K, 100% used [0x00000000eb500000,0x00000000ec400000,0x00000000ec400000)
  from space 3584K, 10% used [0x00000000ec400000,0x00000000ec460000,0x00000000ec780000)
  to   space 4096K, 0% used [0x00000000ec800000,0x00000000ec800000,0x00000000ecc00000)
 ParOldGen       total 44032K, used 3970K [0x00000000c1e00000, 0x00000000c4900000, 0x00000000eb500000)
  object space 44032K, 9% used [0x00000000c1e00000,0x00000000c21e08b0,0x00000000c4900000)
 Metaspace       used 15688K, capacity 15864K, committed 16000K, reserved 1062912K
  class space    used 1994K, capacity 2068K, committed 2176K, reserved 1048576K
Event: 32.978 GC heap after
Heap after GC invocations=9 (full 1):
 PSYoungGen      total 18944K, used 3996K [0x00000000eb500000, 0x00000000ecd00000, 0x0000000100000000)
  eden space 14848K, 0% used [0x00000000eb500000,0x00000000eb500000,0x00000000ec380000)
  from space 4096K, 97% used [0x00000000ec800000,0x00000000ecbe7040,0x00000000ecc00000)
  to   space 4608K, 0% used [0x00000000ec380000,0x00000000ec380000,0x00000000ec800000)
 ParOldGen       total 44032K, used 4309K [0x00000000c1e00000, 0x00000000c4900000, 0x00000000eb500000)
  object space 44032K, 9% used [0x00000000c1e00000,0x00000000c2235450,0x00000000c4900000)
 Metaspace       used 15688K, capacity 15864K, committed 16000K, reserved 1062912K
  class space    used 1994K, capacity 2068K, committed 2176K, reserved 1048576K
}

