# JRE version: Java(TM) SE Runtime Environment (8.0_51-b16) (build 1.8.0_51-b16)
# Java VM: Java HotSpot(TM) 64-Bit Server VM (25.51-b03 mixed mode windows-amd64 compressed oops)
Heap:
 PSYoungGen      total 19456K, used 3793K [0x00000000eb500000, 0x00000000ed900000, 0x0000000100000000)
  eden space 14336K, 10% used [0x00000000eb500000,0x00000000eb67f590,0x00000000ec300000)
  from space 5120K, 44% used [0x00000000ec780000,0x00000000ec9b5020,0x00000000ecc80000)
  to   space 4608K, 0% used [0x00000000ec300000,0x00000000ec300000,0x00000000ec780000)
 ParOldGen       total 44032K, used 6467K [0x00000000c1e00000, 0x00000000c4900000, 0x00000000eb500000)
  object space 44032K, 14% used [0x00000000c1e00000,0x00000000c2450c38,0x00000000c4900000)
 Metaspace       used 15759K, capacity 15930K, committed 16256K, reserved 1062912K
  class space    used 1993K, capacity 2067K, committed 2176K, reserved 1048576K
GC Heap History (10 events):
Event: 17.109 GC heap before
{Heap before GC invocations=5 (full 1):
 PSYoungGen      total 18944K, used 18932K [0x00000000eb500000, 0x00000000eca00000, 0x0000000100000000)
  eden space 16384K, 100% used [0x00000000eb500000,0x00000000ec500000,0x00000000ec500000)
  from space 2560K, 99% used [0x00000000ec500000,0x00000000ec77d020,0x00000000ec780000)
  to   space 2560K, 0% used [0x00000000ec780000,0x00000000ec780000,0x00000000eca00000)
 ParOldGen       total 44032K, used 5197K [0x00000000c1e00000, 0x00000000c4900000, 0x00000000eb500000)
  object space 44032K, 11% used [0x00000000c1e00000,0x00000000c23134e8,0x00000000c4900000)
 Metaspace       used 15729K, capacity 15922K, committed 16256K, reserved 1062912K
  class space    used 1993K, capacity 2067K, committed 2176K, reserved 1048576K
Event: 17.112 GC heap after
Heap after GC invocations=5 (full 1):
 PSYoungGen      total 18944K, used 2548K [0x00000000eb500000, 0x00000000eca00000, 0x0000000100000000)
  eden space 16384K, 0% used [0x00000000eb500000,0x00000000eb500000,0x00000000ec500000)
  from space 2560K, 99% used [0x00000000ec780000,0x00000000ec9fd020,0x00000000eca00000)
  to   space 2560K, 0% used [0x00000000ec500000,0x00000000ec500000,0x00000000ec780000)
 ParOldGen       total 44032K, used 6097K [0x00000000c1e00000, 0x00000000c4900000, 0x00000000eb500000)
  object space 44032K, 13% used [0x00000000c1e00000,0x00000000c23f44f8,0x00000000c4900000)
 Metaspace       used 15729K, capacity 15922K, committed 16256K, reserved 1062912K
  class space    used 1993K, capacity 2067K, committed 2176K, reserved 1048576K
}
Event: 17.904 GC heap before
{Heap before GC invocations=6 (full 1):
 PSYoungGen      total 18944K, used 18932K [0x00000000eb500000, 0x00000000eca00000, 0x0000000100000000)
  eden space 16384K, 100% used [0x00000000eb500000,0x00000000ec500000,0x00000000ec500000)
  from space 2560K, 99% used [0x00000000ec780000,0x00000000ec9fd020,0x00000000eca00000)
  to   space 2560K, 0% used [0x00000000ec500000,0x00000000ec500000,0x00000000ec780000)
 ParOldGen       total 44032K, used 6097K [0x00000000c1e00000, 0x00000000c4900000, 0x00000000eb500000)
  object space 44032K, 13% used [0x00000000c1e00000,0x00000000c23f44f8,0x00000000c4900000)
 Metaspace       used 15732K, capacity 15922K, committed 16256K, reserved 1062912K
  class space    used 1993K, capacity 2067K, committed 2176K, reserved 1048576K
Event: 17.906 GC heap after
Heap after GC invocations=6 (full 1):
 PSYoungGen      total 18944K, used 2548K [0x00000000eb500000, 0x00000000eca00000, 0x0000000100000000)
  eden space 16384K, 0% used [0x00000000eb500000,0x00000000eb500000,0x00000000ec500000)
  from space 2560K, 99% used [0x00000000ec500000,0x00000000ec77d020,0x00000000ec780000)
  to   space 2560K, 0% used [0x00000000ec780000,0x00000000ec780000,0x00000000eca00000)
 ParOldGen       total 44032K, used 6097K [0x00000000c1e00000, 0x00000000c4900000, 0x00000000eb500000)
  object space 44032K, 13% used [0x00000000c1e00000,0x00000000c23f44f8,0x00000000c4900000)
 Metaspace       used 15732K, capacity 15922K, committed 16256K, reserved 1062912K
  class space    used 1993K, capacity 2067K, committed 2176K, reserved 1048576K
}
Event: 18.228 GC heap before
{Heap before GC invocations=7 (full 1):
 PSYoungGen      total 18944K, used 18932K [0x00000000eb500000, 0x00000000eca00000, 0x0000000100000000)
  eden space 16384K, 100% used [0x00000000eb500000,0x00000000ec500000,0x00000000ec500000)
  from space 2560K, 99% used [0x00000000ec500000,0x00000000ec77d020,0x00000000ec780000)
  to   space 2560K, 0% used [0x00000000ec780000,0x00000000ec780000,0x00000000eca00000)
 ParOldGen       total 44032K, used 6097K [0x00000000c1e00000, 0x00000000c4900000, 0x00000000eb500000)
  object space 44032K, 13% used [0x00000000c1e00000,0x00000000c23f44f8,0x00000000c4900000)
 Metaspace       used 15732K, capacity 15922K, committed 16256K, reserved 1062912K
  class space    used 1993K, capacity 2067K, committed 2176K, reserved 1048576K
Event: 18.231 GC heap after
Heap after GC invocations=7 (full 1):
 PSYoungGen      total 16384K, used 416K [0x00000000eb500000, 0x00000000ecf00000, 0x0000000100000000)
  eden space 13824K, 0% used [0x00000000eb500000,0x00000000eb500000,0x00000000ec280000)
  from space 2560K, 16% used [0x00000000ec780000,0x00000000ec7e8000,0x00000000eca00000)
  to   space 5120K, 0% used [0x00000000ec280000,0x00000000ec280000,0x00000000ec780000)
 ParOldGen       total 44032K, used 6097K [0x00000000c1e00000, 0x00000000c4900000, 0x00000000eb500000)
  object space 44032K, 13% used [0x00000000c1e00000,0x00000000c23f44f8,0x00000000c4900000)
 Metaspace       used 15732K, capacity 15922K, committed 16256K, reserved 1062912K
  class space    used 1993K, capacity 2067K, committed 2176K, reserved 1048576K
}
Event: 18.380 GC heap before
{Heap before GC invocations=8 (full 1):
 PSYoungGen      total 16384K, used 14240K [0x00000000eb500000, 0x00000000ecf00000, 0x0000000100000000)
  eden space 13824K, 100% used [0x00000000eb500000,0x00000000ec280000,0x00000000ec280000)
  from space 2560K, 16% used [0x00000000ec780000,0x00000000ec7e8000,0x00000000eca00000)
  to   space 5120K, 0% used [0x00000000ec280000,0x00000000ec280000,0x00000000ec780000)
 ParOldGen       total 44032K, used 6097K [0x00000000c1e00000, 0x00000000c4900000, 0x00000000eb500000)
  object space 44032K, 13% used [0x00000000c1e00000,0x00000000c23f44f8,0x00000000c4900000)
 Metaspace       used 15733K, capacity 15922K, committed 16256K, reserved 1062912K
  class space    used 1993K, capacity 2067K, committed 2176K, reserved 1048576K
Event: 18.382 GC heap after
Heap after GC invocations=8 (full 1):
 PSYoungGen      total 18944K, used 2548K [0x00000000eb500000, 0x00000000ecc80000, 0x0000000100000000)
  eden space 13824K, 0% used [0x00000000eb500000,0x00000000eb500000,0x00000000ec280000)
  from space 5120K, 49% used [0x00000000ec280000,0x00000000ec4fd020,0x00000000ec780000)
  to   space 5120K, 0% used [0x00000000ec780000,0x00000000ec780000,0x00000000ecc80000)
 ParOldGen       total 44032K, used 6097K [0x00000000c1e00000, 0x00000000c4900000, 0x00000000eb500000)
  object space 44032K, 13% used [0x00000000c1e00000,0x00000000c23f44f8,0x00000000c4900000)
 Metaspace       used 15733K, capacity 15922K, committed 16256K, reserved 1062912K
  class space    used 1993K, capacity 2067K, committed 2176K, reserved 1048576K
}
Event: 18.548 GC heap before
{Heap before GC invocations=9 (full 1):
 PSYoungGen      total 18944K, used 16372K [0x00000000eb500000, 0x00000000ecc80000, 0x0000000100000000)
  eden space 13824K, 100% used [0x00000000eb500000,0x00000000ec280000,0x00000000ec280000)
  from space 5120K, 49% used [0x00000000ec280000,0x00000000ec4fd020,0x00000000ec780000)
  to   space 5120K, 0% used [0x00000000ec780000,0x00000000ec780000,0x00000000ecc80000)
 ParOldGen       total 44032K, used 6097K [0x00000000c1e00000, 0x00000000c4900000, 0x00000000eb500000)
  object space 44032K, 13% used [0x00000000c1e00000,0x00000000c23f44f8,0x00000000c4900000)
 Metaspace       used 15733K, capacity 15922K, committed 16256K, reserved 1062912K
  class space    used 1993K, capacity 2067K, committed 2176K, reserved 1048576K
Event: 18.568 GC heap after
Heap after GC invocations=9 (full 1):
 PSYoungGen      total 19456K, used 2260K [0x00000000eb500000, 0x00000000ed900000, 0x0000000100000000)
  eden space 14336K, 0% used [0x00000000eb500000,0x00000000eb500000,0x00000000ec300000)
  from space 5120K, 44% used [0x00000000ec780000,0x00000000ec9b5020,0x00000000ecc80000)
  to   space 4608K, 0% used [0x00000000ec300000,0x00000000ec300000,0x00000000ec780000)
 ParOldGen       total 44032K, used 6467K [0x00000000c1e00000, 0x00000000c4900000, 0x00000000eb500000)
  object space 44032K, 14% used [0x00000000c1e00000,0x00000000c2450c38,0x00000000c4900000)
 Metaspace       used 15733K, capacity 15922K, committed 16256K, reserved 1062912K
  class space    used 1993K, capacity 2067K, committed 2176K, reserved 1048576K
}

